# JRE version: Java(TM) SE Runtime Environment (8.0_45-b14) (build 1.8.0_45-b14)
# Java VM: Java HotSpot(TM) 64-Bit Server VM (25.45-b02 mixed mode bsd-amd64 compressed oops)
Heap:
 PSYoungGen      total 15360K, used 12786K [0x00000007b5580000, 0x00000007b6580000, 0x00000007c0000000)
  eden space 14848K, 85% used [0x00000007b5580000,0x00000007b61e4968,0x00000007b6400000)
  from space 512K, 18% used [0x00000007b6500000,0x00000007b6518000,0x00000007b6580000)
  to   space 512K, 0% used [0x00000007b6480000,0x00000007b6480000,0x00000007b6500000)
 ParOldGen       total 122880K, used 111104K [0x00000007a0000000, 0x00000007a7800000, 0x00000007b5580000)
  object space 122880K, 90% used [0x00000007a0000000,0x00000007a6c802f8,0x00000007a7800000)
 Metaspace       used 35399K, capacity 37446K, committed 37504K, reserved 1081344K
  class space    used 4593K, capacity 4983K, committed 4992K, reserved 1048576K
GC Heap History (10 events):
Event: 22079.817 GC heap before
{Heap before GC invocations=360 (full 2):
 PSYoungGen      total 15360K, used 15040K [0x00000007b5580000, 0x00000007b6580000, 0x00000007c0000000)
  eden space 14848K, 100% used [0x00000007b5580000,0x00000007b6400000,0x00000007b6400000)
  from space 512K, 37% used [0x00000007b6480000,0x00000007b64b0000,0x00000007b6500000)
  to   space 512K, 0% used [0x00000007b6500000,0x00000007b6500000,0x00000007b6580000)
 ParOldGen       total 122880K, used 111088K [0x00000007a0000000, 0x00000007a7800000, 0x00000007b5580000)
  object space 122880K, 90% used [0x00000007a0000000,0x00000007a6c7c2f8,0x00000007a7800000)
 Metaspace       used 35399K, capacity 37446K, committed 37504K, reserved 1081344K
  class space    used 4593K, capacity 4983K, committed 4992K, reserved 1048576K
Event: 22079.827 GC heap after
Heap after GC invocations=360 (full 2):
 PSYoungGen      total 15360K, used 128K [0x00000007b5580000, 0x00000007b6580000, 0x00000007c0000000)
  eden space 14848K, 0% used [0x00000007b5580000,0x00000007b5580000,0x00000007b6400000)
  from space 512K, 25% used [0x00000007b6500000,0x00000007b6520000,0x00000007b6580000)
  to   space 512K, 0% used [0x00000007b6480000,0x00000007b6480000,0x00000007b6500000)
 ParOldGen       total 122880K, used 111088K [0x00000007a0000000, 0x00000007a7800000, 0x00000007b5580000)
  object space 122880K, 90% used [0x00000007a0000000,0x00000007a6c7c2f8,0x00000007a7800000)
 Metaspace       used 35399K, capacity 37446K, committed 37504K, reserved 1081344K
  class space    used 4593K, capacity 4983K, committed 4992K, reserved 1048576K
}
Event: 22130.907 GC heap before
{Heap before GC invocations=361 (full 2):
 PSYoungGen      total 15360K, used 14976K [0x00000007b5580000, 0x00000007b6580000, 0x00000007c0000000)
  eden space 14848K, 100% used [0x00000007b5580000,0x00000007b6400000,0x00000007b6400000)
  from space 512K, 25% used [0x00000007b6500000,0x00000007b6520000,0x00000007b6580000)
  to   space 512K, 0% used [0x00000007b6480000,0x00000007b6480000,0x00000007b6500000)
 ParOldGen       total 122880K, used 111088K [0x00000007a0000000, 0x00000007a7800000, 0x00000007b5580000)
  object space 122880K, 90% used [0x00000007a0000000,0x00000007a6c7c2f8,0x00000007a7800000)
 Metaspace       used 35399K, capacity 37446K, committed 37504K, reserved 1081344K
  class space    used 4593K, capacity 4983K, committed 4992K, reserved 1048576K
Event: 22130.917 GC heap after
Heap after GC invocations=361 (full 2):
 PSYoungGen      total 15360K, used 160K [0x00000007b5580000, 0x00000007b6580000, 0x00000007c0000000)
  eden space 14848K, 0% used [0x00000007b5580000,0x00000007b5580000,0x00000007b6400000)
  from space 512K, 31% used [0x00000007b6480000,0x00000007b64a8000,0x00000007b6500000)
  to   space 512K, 0% used [0x00000007b6500000,0x00000007b6500000,0x00000007b6580000)
 ParOldGen       total 122880K, used 111104K [0x00000007a0000000, 0x00000007a7800000, 0x00000007b5580000)
  object space 122880K, 90% used [0x00000007a0000000,0x00000007a6c802f8,0x00000007a7800000)
 Metaspace       used 35399K, capacity 37446K, committed 37504K, reserved 1081344K
  class space    used 4593K, capacity 4983K, committed 4992K, reserved 1048576K
}
Event: 22181.730 GC heap before
{Heap before GC invocations=362 (full 2):
 PSYoungGen      total 15360K, used 15008K [0x00000007b5580000, 0x00000007b6580000, 0x00000007c0000000)
  eden space 14848K, 100% used [0x00000007b5580000,0x00000007b6400000,0x00000007b6400000)
  from space 512K, 31% used [0x00000007b6480000,0x00000007b64a8000,0x00000007b6500000)
  to   space 512K, 0% used [0x00000007b6500000,0x00000007b6500000,0x00000007b6580000)
 ParOldGen       total 122880K, used 111104K [0x00000007a0000000, 0x00000007a7800000, 0x00000007b5580000)
  object space 122880K, 90% used [0x00000007a0000000,0x00000007a6c802f8,0x00000007a7800000)
 Metaspace       used 35399K, capacity 37446K, committed 37504K, reserved 1081344K
  class space    used 4593K, capacity 4983K, committed 4992K, reserved 1048576K
Event: 22181.741 GC heap after
Heap after GC invocations=362 (full 2):
 PSYoungGen      total 15360K, used 128K [0x00000007b5580000, 0x00000007b6580000, 0x00000007c0000000)
  eden space 14848K, 0% used [0x00000007b5580000,0x00000007b5580000,0x00000007b6400000)
  from space 512K, 25% used [0x00000007b6500000,0x00000007b6520000,0x00000007b6580000)
  to   space 512K, 0% used [0x00000007b6480000,0x00000007b6480000,0x00000007b6500000)
 ParOldGen       total 122880K, used 111104K [0x00000007a0000000, 0x00000007a7800000, 0x00000007b5580000)
  object space 122880K, 90% used [0x00000007a0000000,0x00000007a6c802f8,0x00000007a7800000)
 Metaspace       used 35399K, capacity 37446K, committed 37504K, reserved 1081344K
  class space    used 4593K, capacity 4983K, committed 4992K, reserved 1048576K
}
Event: 22232.804 GC heap before
{Heap before GC invocations=363 (full 2):
 PSYoungGen      total 15360K, used 14976K [0x00000007b5580000, 0x00000007b6580000, 0x00000007c0000000)
  eden space 14848K, 100% used [0x00000007b5580000,0x00000007b6400000,0x00000007b6400000)
  from space 512K, 25% used [0x00000007b6500000,0x00000007b6520000,0x00000007b6580000)
  to   space 512K, 0% used [0x00000007b6480000,0x00000007b6480000,0x00000007b6500000)
 ParOldGen       total 122880K, used 111104K [0x00000007a0000000, 0x00000007a7800000, 0x00000007b5580000)
  object space 122880K, 90% used [0x00000007a0000000,0x00000007a6c802f8,0x00000007a7800000)
 Metaspace       used 35399K, capacity 37446K, committed 37504K, reserved 1081344K
  class space    used 4593K, capacity 4983K, committed 4992K, reserved 1048576K
Event: 22232.816 GC heap after
Heap after GC invocations=363 (full 2):
 PSYoungGen      total 15360K, used 160K [0x00000007b5580000, 0x00000007b6580000, 0x00000007c0000000)
  eden space 14848K, 0% used [0x00000007b5580000,0x00000007b5580000,0x00000007b6400000)
  from space 512K, 31% used [0x00000007b6480000,0x00000007b64a8000,0x00000007b6500000)
  to   space 512K, 0% used [0x00000007b6500000,0x00000007b6500000,0x00000007b6580000)
 ParOldGen       total 122880K, used 111104K [0x00000007a0000000, 0x00000007a7800000, 0x00000007b5580000)
  object space 122880K, 90% used [0x00000007a0000000,0x00000007a6c802f8,0x00000007a7800000)
 Metaspace       used 35399K, capacity 37446K, committed 37504K, reserved 1081344K
  class space    used 4593K, capacity 4983K, committed 4992K, reserved 1048576K
}
Event: 22289.573 GC heap before
{Heap before GC invocations=364 (full 2):
 PSYoungGen      total 15360K, used 15008K [0x00000007b5580000, 0x00000007b6580000, 0x00000007c0000000)
  eden space 14848K, 100% used [0x00000007b5580000,0x00000007b6400000,0x00000007b6400000)
  from space 512K, 31% used [0x00000007b6480000,0x00000007b64a8000,0x00000007b6500000)
  to   space 512K, 0% used [0x00000007b6500000,0x00000007b6500000,0x00000007b6580000)
 ParOldGen       total 122880K, used 111104K [0x00000007a0000000, 0x00000007a7800000, 0x00000007b5580000)
  object space 122880K, 90% used [0x00000007a0000000,0x00000007a6c802f8,0x00000007a7800000)
 Metaspace       used 35399K, capacity 37446K, committed 37504K, reserved 1081344K
  class space    used 4593K, capacity 4983K, committed 4992K, reserved 1048576K
Event: 22289.605 GC heap after
Heap after GC invocations=364 (full 2):
 PSYoungGen      total 15360K, used 96K [0x00000007b5580000, 0x00000007b6580000, 0x00000007c0000000)
  eden space 14848K, 0% used [0x00000007b5580000,0x00000007b5580000,0x00000007b6400000)
  from space 512K, 18% used [0x00000007b6500000,0x00000007b6518000,0x00000007b6580000)
  to   space 512K, 0% used [0x00000007b6480000,0x00000007b6480000,0x00000007b6500000)
 ParOldGen       total 122880K, used 111104K [0x00000007a0000000, 0x00000007a7800000, 0x00000007b5580000)
  object space 122880K, 90% used [0x00000007a0000000,0x00000007a6c802f8,0x00000007a7800000)
 Metaspace       used 35399K, capacity 37446K, committed 37504K, reserved 1081344K
  class space    used 4593K, capacity 4983K, committed 4992K, reserved 1048576K
}

